[2025-08-19 15:55:44,878: INFO: main: Welcome to our customlog]
[2025-09-03 16:22:52,673: INFO: main: Welcome to our customlog]
[2025-09-05 15:55:21,502: INFO: main: >>>> stage Data Ingestion stage started <<<]
[2025-09-05 15:55:21,503: INFO: common: YAML file: config\config.yaml loaded successfully]
[2025-09-05 15:55:21,505: INFO: common: YAML file: params.yaml loaded successfully]
[2025-09-05 15:55:21,506: INFO: common: Created directory at: artifacts]
[2025-09-05 15:55:21,507: INFO: common: Created directory at: artifacts/data_ingestion]
[2025-09-05 15:55:25,895: INFO: data_ingestion: artifacts/data_ingestion/data.zip download !: 
Connection: close
Content-Length: 7903594
Cache-Control: max-age=300
Content-Security-Policy: default-src 'none'; style-src 'unsafe-inline'; sandbox
Content-Type: application/zip
ETag: "dbc016a060da18070593b83afff580c9b300f0b6ea4147a7988433e04df246ca"
Strict-Transport-Security: max-age=31536000
X-Content-Type-Options: nosniff
X-Frame-Options: deny
X-XSS-Protection: 1; mode=block
X-GitHub-Request-Id: 69DA:273ED8:ACA04:19A4A4:68BAB48A
Accept-Ranges: bytes
Date: Fri, 05 Sep 2025 10:25:23 GMT
Via: 1.1 varnish
X-Served-By: cache-maa10233-MAA
X-Cache: HIT
X-Cache-Hits: 0
X-Timer: S1757067923.417348,VS0,VE232
Vary: Authorization,Accept-Encoding
Access-Control-Allow-Origin: *
Cross-Origin-Resource-Policy: cross-origin
X-Fastly-Request-ID: 7d2154a4d96467fdf9c2b0a2c1ef5c4d99fcaecf
Expires: Fri, 05 Sep 2025 10:30:23 GMT
Source-Age: 0

]
[2025-09-05 15:55:26,313: INFO: main: >>>> stage Data Ingestion stage completed <<<<

]
